<?xml version="1.0" encoding="UTF-8"?>
<!-- Generated by org.testng.reporters.JUnitReportReporter -->
<testsuite skipped="0" hostname="Maheshs-MacBook-Pro.local" name="pickMe.Ride" tests="1" failures="0" timestamp="17 Jul 2020 04:41:46 GMT" time="0.003" errors="0">
  <testcase name="acceptRider" time="0.003" classname="pickMe.Ride"/>
</testsuite> <!-- pickMe.Ride -->
