<?xml version="1.0" encoding="UTF-8"?>
<!-- Generated by org.testng.reporters.JUnitReportReporter -->
<testsuite skipped="0" hostname="Maheshs-MacBook-Pro.local" name="uber.UberRide" tests="2" failures="0" timestamp="17 Jul 2020 04:41:41 GMT" time="0.002" errors="0">
  <testcase name="uberRider" time="0.001" classname="uber.UberRide"/>
  <testcase name="uberRider" time="0.001" classname="uber.UberRide"/>
</testsuite> <!-- uber.UberRide -->
