<?xml version="1.0" encoding="UTF-8"?>
<!-- Generated by org.testng.reporters.JUnitReportReporter -->
<testsuite skipped="0" hostname="Maheshs-MacBook-Pro.local" name="pickMe.Merchant" tests="2" failures="0" timestamp="17 Jul 2020 04:41:57 GMT" time="0.003" errors="0">
  <testcase name="acceptMerchant" time="0.002" classname="pickMe.Merchant"/>
  <testcase name="prepareMerchant" time="0.001" classname="pickMe.Merchant"/>
</testsuite> <!-- pickMe.Merchant -->
