<?xml version="1.0" encoding="UTF-8"?>
<!-- Generated by org.testng.reporters.JUnitReportReporter -->
<testsuite skipped="0" hostname="Maheshs-MacBook-Pro.local" name="testscripts.BaseTest" tests="1" failures="0" timestamp="23 Jul 2020 03:58:51 GMT" time="0.010" errors="0">
  <testcase name="initializeBrowser" time="0.010" classname="testscripts.BaseTest"/>
</testsuite> <!-- testscripts.BaseTest -->
